<?xml version="1.0" encoding="UTF-8"?>
<testsuite xmlns:xsi="http://www.w3.org/2001/XMLSchema-instance" xsi:noNamespaceSchemaLocation="https://maven.apache.org/surefire/maven-surefire-plugin/xsd/surefire-test-report.xsd" name="org.springybot.ProviderTicketApplicationTests" time="16.856" tests="1" errors="0" skipped="0" failures="0">
  <properties>
    <property name="sun.desktop" value="windows"/>
    <property name="awt.toolkit" value="sun.awt.windows.WToolkit"/>
    <property name="file.encoding.pkg" value="sun.io"/>
    <property name="java.specification.version" value="1.8"/>
    <property name="sun.cpu.isalist" value="amd64"/>
    <property name="sun.jnu.encoding" value="GBK"/>
    <property name="java.class.path" value="G:\1workplace\springboottest\provider-ticket\target\test-classes;G:\1workplace\springboottest\provider-ticket\target\classes;G:\mavenRepository\org\springframework\cloud\spring-cloud-starter-netflix-eureka-client\3.0.0\spring-cloud-starter-netflix-eureka-client-3.0.0.jar;G:\mavenRepository\org\springframework\cloud\spring-cloud-starter\3.0.0\spring-cloud-starter-3.0.0.jar;G:\mavenRepository\org\springframework\cloud\spring-cloud-context\3.0.0\spring-cloud-context-3.0.0.jar;G:\mavenRepository\org\springframework\security\spring-security-crypto\5.4.2\spring-security-crypto-5.4.2.jar;G:\mavenRepository\org\springframework\cloud\spring-cloud-commons\3.0.0\spring-cloud-commons-3.0.0.jar;G:\mavenRepository\org\springframework\security\spring-security-rsa\1.0.9.RELEASE\spring-security-rsa-1.0.9.RELEASE.jar;G:\mavenRepository\org\bouncycastle\bcpkix-jdk15on\1.64\bcpkix-jdk15on-1.64.jar;G:\mavenRepository\org\bouncycastle\bcprov-jdk15on\1.64\bcprov-jdk15on-1.64.jar;G:\mavenRepository\org\springframework\cloud\spring-cloud-netflix-eureka-client\3.0.0\spring-cloud-netflix-eureka-client-3.0.0.jar;G:\mavenRepository\com\netflix\eureka\eureka-client\1.10.10\eureka-client-1.10.10.jar;G:\mavenRepository\com\netflix\netflix-commons\netflix-eventbus\0.3.0\netflix-eventbus-0.3.0.jar;G:\mavenRepository\com\netflix\netflix-commons\netflix-infix\0.3.0\netflix-infix-0.3.0.jar;G:\mavenRepository\commons-jxpath\commons-jxpath\1.3\commons-jxpath-1.3.jar;G:\mavenRepository\joda-time\joda-time\2.3\joda-time-2.3.jar;G:\mavenRepository\org\antlr\antlr-runtime\3.4\antlr-runtime-3.4.jar;G:\mavenRepository\org\antlr\stringtemplate\3.2.1\stringtemplate-3.2.1.jar;G:\mavenRepository\antlr\antlr\2.7.7\antlr-2.7.7.jar;G:\mavenRepository\com\google\code\gson\gson\2.8.6\gson-2.8.6.jar;G:\mavenRepository\org\apache\commons\commons-math\2.2\commons-math-2.2.jar;G:\mavenRepository\javax\ws\rs\jsr311-api\1.1.1\jsr311-api-1.1.1.jar;G:\mavenRepository\com\netflix\servo\servo-core\0.12.21\servo-core-0.12.21.jar;G:\mavenRepository\com\google\guava\guava\19.0\guava-19.0.jar;G:\mavenRepository\org\apache\httpcomponents\httpclient\4.5.13\httpclient-4.5.13.jar;G:\mavenRepository\org\apache\httpcomponents\httpcore\4.4.14\httpcore-4.4.14.jar;G:\mavenRepository\commons-codec\commons-codec\1.15\commons-codec-1.15.jar;G:\mavenRepository\commons-configuration\commons-configuration\1.10\commons-configuration-1.10.jar;G:\mavenRepository\commons-lang\commons-lang\2.6\commons-lang-2.6.jar;G:\mavenRepository\com\google\inject\guice\4.1.0\guice-4.1.0.jar;G:\mavenRepository\javax\inject\javax.inject\1\javax.inject-1.jar;G:\mavenRepository\aopalliance\aopalliance\1.0\aopalliance-1.0.jar;G:\mavenRepository\com\fasterxml\jackson\core\jackson-annotations\2.11.4\jackson-annotations-2.11.4.jar;G:\mavenRepository\com\fasterxml\jackson\core\jackson-core\2.11.4\jackson-core-2.11.4.jar;G:\mavenRepository\com\fasterxml\jackson\core\jackson-databind\2.11.4\jackson-databind-2.11.4.jar;G:\mavenRepository\org\codehaus\jettison\jettison\1.4.0\jettison-1.4.0.jar;G:\mavenRepository\com\netflix\eureka\eureka-core\1.10.10\eureka-core-1.10.10.jar;G:\mavenRepository\com\fasterxml\woodstox\woodstox-core\5.3.0\woodstox-core-5.3.0.jar;G:\mavenRepository\org\codehaus\woodstox\stax2-api\4.2\stax2-api-4.2.jar;G:\mavenRepository\org\springframework\cloud\spring-cloud-starter-loadbalancer\3.0.0\spring-cloud-starter-loadbalancer-3.0.0.jar;G:\mavenRepository\org\springframework\cloud\spring-cloud-loadbalancer\3.0.0\spring-cloud-loadbalancer-3.0.0.jar;G:\mavenRepository\org\springframework\boot\spring-boot-starter-validation\2.4.2\spring-boot-starter-validation-2.4.2.jar;G:\mavenRepository\org\hibernate\validator\hibernate-validator\6.1.7.Final\hibernate-validator-6.1.7.Final.jar;G:\mavenRepository\jakarta\validation\jakarta.validation-api\2.0.2\jakarta.validation-api-2.0.2.jar;G:\mavenRepository\org\jboss\logging\jboss-logging\3.4.1.Final\jboss-logging-3.4.1.Final.jar;G:\mavenRepository\com\fasterxml\classmate\1.5.1\classmate-1.5.1.jar;G:\mavenRepository\io\projectreactor\reactor-core\3.4.2\reactor-core-3.4.2.jar;G:\mavenRepository\org\reactivestreams\reactive-streams\1.0.3\reactive-streams-1.0.3.jar;G:\mavenRepository\io\projectreactor\addons\reactor-extra\3.4.2\reactor-extra-3.4.2.jar;G:\mavenRepository\org\springframework\boot\spring-boot-starter-cache\2.4.2\spring-boot-starter-cache-2.4.2.jar;G:\mavenRepository\org\springframework\spring-context-support\5.3.3\spring-context-support-5.3.3.jar;G:\mavenRepository\com\stoyanr\evictor\1.0.0\evictor-1.0.0.jar;G:\mavenRepository\com\thoughtworks\xstream\xstream\1.4.14\xstream-1.4.14.jar;G:\mavenRepository\xmlpull\xmlpull\1.1.3.1\xmlpull-1.1.3.1.jar;G:\mavenRepository\xpp3\xpp3_min\1.1.4c\xpp3_min-1.1.4c.jar;G:\mavenRepository\org\springframework\boot\spring-boot-starter-web\2.4.2\spring-boot-starter-web-2.4.2.jar;G:\mavenRepository\org\springframework\boot\spring-boot-starter\2.4.2\spring-boot-starter-2.4.2.jar;G:\mavenRepository\org\springframework\boot\spring-boot\2.4.2\spring-boot-2.4.2.jar;G:\mavenRepository\org\springframework\boot\spring-boot-autoconfigure\2.4.2\spring-boot-autoconfigure-2.4.2.jar;G:\mavenRepository\org\springframework\boot\spring-boot-starter-logging\2.4.2\spring-boot-starter-logging-2.4.2.jar;G:\mavenRepository\ch\qos\logback\logback-classic\1.2.3\logback-classic-1.2.3.jar;G:\mavenRepository\ch\qos\logback\logback-core\1.2.3\logback-core-1.2.3.jar;G:\mavenRepository\org\apache\logging\log4j\log4j-to-slf4j\2.13.3\log4j-to-slf4j-2.13.3.jar;G:\mavenRepository\org\apache\logging\log4j\log4j-api\2.13.3\log4j-api-2.13.3.jar;G:\mavenRepository\org\slf4j\jul-to-slf4j\1.7.30\jul-to-slf4j-1.7.30.jar;G:\mavenRepository\jakarta\annotation\jakarta.annotation-api\1.3.5\jakarta.annotation-api-1.3.5.jar;G:\mavenRepository\org\yaml\snakeyaml\1.27\snakeyaml-1.27.jar;G:\mavenRepository\org\springframework\boot\spring-boot-starter-json\2.4.2\spring-boot-starter-json-2.4.2.jar;G:\mavenRepository\com\fasterxml\jackson\datatype\jackson-datatype-jdk8\2.11.4\jackson-datatype-jdk8-2.11.4.jar;G:\mavenRepository\com\fasterxml\jackson\datatype\jackson-datatype-jsr310\2.11.4\jackson-datatype-jsr310-2.11.4.jar;G:\mavenRepository\com\fasterxml\jackson\module\jackson-module-parameter-names\2.11.4\jackson-module-parameter-names-2.11.4.jar;G:\mavenRepository\org\springframework\boot\spring-boot-starter-tomcat\2.4.2\spring-boot-starter-tomcat-2.4.2.jar;G:\mavenRepository\org\apache\tomcat\embed\tomcat-embed-core\9.0.41\tomcat-embed-core-9.0.41.jar;G:\mavenRepository\org\glassfish\jakarta.el\3.0.3\jakarta.el-3.0.3.jar;G:\mavenRepository\org\apache\tomcat\embed\tomcat-embed-websocket\9.0.41\tomcat-embed-websocket-9.0.41.jar;G:\mavenRepository\org\springframework\spring-web\5.3.3\spring-web-5.3.3.jar;G:\mavenRepository\org\springframework\spring-beans\5.3.3\spring-beans-5.3.3.jar;G:\mavenRepository\org\springframework\spring-webmvc\5.3.3\spring-webmvc-5.3.3.jar;G:\mavenRepository\org\springframework\spring-aop\5.3.3\spring-aop-5.3.3.jar;G:\mavenRepository\org\springframework\spring-context\5.3.3\spring-context-5.3.3.jar;G:\mavenRepository\org\springframework\spring-expression\5.3.3\spring-expression-5.3.3.jar;G:\mavenRepository\org\springframework\boot\spring-boot-starter-test\2.4.2\spring-boot-starter-test-2.4.2.jar;G:\mavenRepository\org\springframework\boot\spring-boot-test\2.4.2\spring-boot-test-2.4.2.jar;G:\mavenRepository\org\springframework\boot\spring-boot-test-autoconfigure\2.4.2\spring-boot-test-autoconfigure-2.4.2.jar;G:\mavenRepository\com\jayway\jsonpath\json-path\2.4.0\json-path-2.4.0.jar;G:\mavenRepository\net\minidev\json-smart\2.3\json-smart-2.3.jar;G:\mavenRepository\net\minidev\accessors-smart\1.2\accessors-smart-1.2.jar;G:\mavenRepository\org\ow2\asm\asm\5.0.4\asm-5.0.4.jar;G:\mavenRepository\org\slf4j\slf4j-api\1.7.30\slf4j-api-1.7.30.jar;G:\mavenRepository\jakarta\xml\bind\jakarta.xml.bind-api\2.3.3\jakarta.xml.bind-api-2.3.3.jar;G:\mavenRepository\jakarta\activation\jakarta.activation-api\1.2.2\jakarta.activation-api-1.2.2.jar;G:\mavenRepository\org\assertj\assertj-core\3.18.1\assertj-core-3.18.1.jar;G:\mavenRepository\org\hamcrest\hamcrest\2.2\hamcrest-2.2.jar;G:\mavenRepository\org\junit\jupiter\junit-jupiter\5.7.0\junit-jupiter-5.7.0.jar;G:\mavenRepository\org\junit\jupiter\junit-jupiter-api\5.7.0\junit-jupiter-api-5.7.0.jar;G:\mavenRepository\org\apiguardian\apiguardian-api\1.1.0\apiguardian-api-1.1.0.jar;G:\mavenRepository\org\opentest4j\opentest4j\1.2.0\opentest4j-1.2.0.jar;G:\mavenRepository\org\junit\platform\junit-platform-commons\1.7.0\junit-platform-commons-1.7.0.jar;G:\mavenRepository\org\junit\jupiter\junit-jupiter-params\5.7.0\junit-jupiter-params-5.7.0.jar;G:\mavenRepository\org\junit\jupiter\junit-jupiter-engine\5.7.0\junit-jupiter-engine-5.7.0.jar;G:\mavenRepository\org\junit\platform\junit-platform-engine\1.7.0\junit-platform-engine-1.7.0.jar;G:\mavenRepository\org\mockito\mockito-core\3.6.28\mockito-core-3.6.28.jar;G:\mavenRepository\net\bytebuddy\byte-buddy\1.10.19\byte-buddy-1.10.19.jar;G:\mavenRepository\net\bytebuddy\byte-buddy-agent\1.10.19\byte-buddy-agent-1.10.19.jar;G:\mavenRepository\org\objenesis\objenesis\3.1\objenesis-3.1.jar;G:\mavenRepository\org\mockito\mockito-junit-jupiter\3.6.28\mockito-junit-jupiter-3.6.28.jar;G:\mavenRepository\org\skyscreamer\jsonassert\1.5.0\jsonassert-1.5.0.jar;G:\mavenRepository\com\vaadin\external\google\android-json\0.0.20131108.vaadin1\android-json-0.0.20131108.vaadin1.jar;G:\mavenRepository\org\springframework\spring-core\5.3.3\spring-core-5.3.3.jar;G:\mavenRepository\org\springframework\spring-jcl\5.3.3\spring-jcl-5.3.3.jar;G:\mavenRepository\org\springframework\spring-test\5.3.3\spring-test-5.3.3.jar;G:\mavenRepository\org\xmlunit\xmlunit-core\2.7.0\xmlunit-core-2.7.0.jar;"/>
    <property name="java.vm.vendor" value="Oracle Corporation"/>
    <property name="sun.arch.data.model" value="64"/>
    <property name="user.variant" value=""/>
    <property name="java.vendor.url" value="http://java.oracle.com/"/>
    <property name="user.timezone" value="Asia/Shanghai"/>
    <property name="java.vm.specification.version" value="1.8"/>
    <property name="os.name" value="Windows 10"/>
    <property name="user.country" value="CN"/>
    <property name="sun.java.launcher" value="SUN_STANDARD"/>
    <property name="sun.boot.library.path" value="C:\Program Files\Java\jdk1.8.0_261\jre\bin"/>
    <property name="sun.java.command" value="C:\Users\11130\AppData\Local\Temp\surefire4146835908569374763\surefirebooter7425752164159471454.jar C:\Users\11130\AppData\Local\Temp\surefire4146835908569374763 2021-01-21T17-12-06_953-jvmRun1 surefire1606682355794230804tmp surefire_0810698060334789085tmp"/>
    <property name="surefire.test.class.path" value="G:\1workplace\springboottest\provider-ticket\target\test-classes;G:\1workplace\springboottest\provider-ticket\target\classes;G:\mavenRepository\org\springframework\cloud\spring-cloud-starter-netflix-eureka-client\3.0.0\spring-cloud-starter-netflix-eureka-client-3.0.0.jar;G:\mavenRepository\org\springframework\cloud\spring-cloud-starter\3.0.0\spring-cloud-starter-3.0.0.jar;G:\mavenRepository\org\springframework\cloud\spring-cloud-context\3.0.0\spring-cloud-context-3.0.0.jar;G:\mavenRepository\org\springframework\security\spring-security-crypto\5.4.2\spring-security-crypto-5.4.2.jar;G:\mavenRepository\org\springframework\cloud\spring-cloud-commons\3.0.0\spring-cloud-commons-3.0.0.jar;G:\mavenRepository\org\springframework\security\spring-security-rsa\1.0.9.RELEASE\spring-security-rsa-1.0.9.RELEASE.jar;G:\mavenRepository\org\bouncycastle\bcpkix-jdk15on\1.64\bcpkix-jdk15on-1.64.jar;G:\mavenRepository\org\bouncycastle\bcprov-jdk15on\1.64\bcprov-jdk15on-1.64.jar;G:\mavenRepository\org\springframework\cloud\spring-cloud-netflix-eureka-client\3.0.0\spring-cloud-netflix-eureka-client-3.0.0.jar;G:\mavenRepository\com\netflix\eureka\eureka-client\1.10.10\eureka-client-1.10.10.jar;G:\mavenRepository\com\netflix\netflix-commons\netflix-eventbus\0.3.0\netflix-eventbus-0.3.0.jar;G:\mavenRepository\com\netflix\netflix-commons\netflix-infix\0.3.0\netflix-infix-0.3.0.jar;G:\mavenRepository\commons-jxpath\commons-jxpath\1.3\commons-jxpath-1.3.jar;G:\mavenRepository\joda-time\joda-time\2.3\joda-time-2.3.jar;G:\mavenRepository\org\antlr\antlr-runtime\3.4\antlr-runtime-3.4.jar;G:\mavenRepository\org\antlr\stringtemplate\3.2.1\stringtemplate-3.2.1.jar;G:\mavenRepository\antlr\antlr\2.7.7\antlr-2.7.7.jar;G:\mavenRepository\com\google\code\gson\gson\2.8.6\gson-2.8.6.jar;G:\mavenRepository\org\apache\commons\commons-math\2.2\commons-math-2.2.jar;G:\mavenRepository\javax\ws\rs\jsr311-api\1.1.1\jsr311-api-1.1.1.jar;G:\mavenRepository\com\netflix\servo\servo-core\0.12.21\servo-core-0.12.21.jar;G:\mavenRepository\com\google\guava\guava\19.0\guava-19.0.jar;G:\mavenRepository\org\apache\httpcomponents\httpclient\4.5.13\httpclient-4.5.13.jar;G:\mavenRepository\org\apache\httpcomponents\httpcore\4.4.14\httpcore-4.4.14.jar;G:\mavenRepository\commons-codec\commons-codec\1.15\commons-codec-1.15.jar;G:\mavenRepository\commons-configuration\commons-configuration\1.10\commons-configuration-1.10.jar;G:\mavenRepository\commons-lang\commons-lang\2.6\commons-lang-2.6.jar;G:\mavenRepository\com\google\inject\guice\4.1.0\guice-4.1.0.jar;G:\mavenRepository\javax\inject\javax.inject\1\javax.inject-1.jar;G:\mavenRepository\aopalliance\aopalliance\1.0\aopalliance-1.0.jar;G:\mavenRepository\com\fasterxml\jackson\core\jackson-annotations\2.11.4\jackson-annotations-2.11.4.jar;G:\mavenRepository\com\fasterxml\jackson\core\jackson-core\2.11.4\jackson-core-2.11.4.jar;G:\mavenRepository\com\fasterxml\jackson\core\jackson-databind\2.11.4\jackson-databind-2.11.4.jar;G:\mavenRepository\org\codehaus\jettison\jettison\1.4.0\jettison-1.4.0.jar;G:\mavenRepository\com\netflix\eureka\eureka-core\1.10.10\eureka-core-1.10.10.jar;G:\mavenRepository\com\fasterxml\woodstox\woodstox-core\5.3.0\woodstox-core-5.3.0.jar;G:\mavenRepository\org\codehaus\woodstox\stax2-api\4.2\stax2-api-4.2.jar;G:\mavenRepository\org\springframework\cloud\spring-cloud-starter-loadbalancer\3.0.0\spring-cloud-starter-loadbalancer-3.0.0.jar;G:\mavenRepository\org\springframework\cloud\spring-cloud-loadbalancer\3.0.0\spring-cloud-loadbalancer-3.0.0.jar;G:\mavenRepository\org\springframework\boot\spring-boot-starter-validation\2.4.2\spring-boot-starter-validation-2.4.2.jar;G:\mavenRepository\org\hibernate\validator\hibernate-validator\6.1.7.Final\hibernate-validator-6.1.7.Final.jar;G:\mavenRepository\jakarta\validation\jakarta.validation-api\2.0.2\jakarta.validation-api-2.0.2.jar;G:\mavenRepository\org\jboss\logging\jboss-logging\3.4.1.Final\jboss-logging-3.4.1.Final.jar;G:\mavenRepository\com\fasterxml\classmate\1.5.1\classmate-1.5.1.jar;G:\mavenRepository\io\projectreactor\reactor-core\3.4.2\reactor-core-3.4.2.jar;G:\mavenRepository\org\reactivestreams\reactive-streams\1.0.3\reactive-streams-1.0.3.jar;G:\mavenRepository\io\projectreactor\addons\reactor-extra\3.4.2\reactor-extra-3.4.2.jar;G:\mavenRepository\org\springframework\boot\spring-boot-starter-cache\2.4.2\spring-boot-starter-cache-2.4.2.jar;G:\mavenRepository\org\springframework\spring-context-support\5.3.3\spring-context-support-5.3.3.jar;G:\mavenRepository\com\stoyanr\evictor\1.0.0\evictor-1.0.0.jar;G:\mavenRepository\com\thoughtworks\xstream\xstream\1.4.14\xstream-1.4.14.jar;G:\mavenRepository\xmlpull\xmlpull\1.1.3.1\xmlpull-1.1.3.1.jar;G:\mavenRepository\xpp3\xpp3_min\1.1.4c\xpp3_min-1.1.4c.jar;G:\mavenRepository\org\springframework\boot\spring-boot-starter-web\2.4.2\spring-boot-starter-web-2.4.2.jar;G:\mavenRepository\org\springframework\boot\spring-boot-starter\2.4.2\spring-boot-starter-2.4.2.jar;G:\mavenRepository\org\springframework\boot\spring-boot\2.4.2\spring-boot-2.4.2.jar;G:\mavenRepository\org\springframework\boot\spring-boot-autoconfigure\2.4.2\spring-boot-autoconfigure-2.4.2.jar;G:\mavenRepository\org\springframework\boot\spring-boot-starter-logging\2.4.2\spring-boot-starter-logging-2.4.2.jar;G:\mavenRepository\ch\qos\logback\logback-classic\1.2.3\logback-classic-1.2.3.jar;G:\mavenRepository\ch\qos\logback\logback-core\1.2.3\logback-core-1.2.3.jar;G:\mavenRepository\org\apache\logging\log4j\log4j-to-slf4j\2.13.3\log4j-to-slf4j-2.13.3.jar;G:\mavenRepository\org\apache\logging\log4j\log4j-api\2.13.3\log4j-api-2.13.3.jar;G:\mavenRepository\org\slf4j\jul-to-slf4j\1.7.30\jul-to-slf4j-1.7.30.jar;G:\mavenRepository\jakarta\annotation\jakarta.annotation-api\1.3.5\jakarta.annotation-api-1.3.5.jar;G:\mavenRepository\org\yaml\snakeyaml\1.27\snakeyaml-1.27.jar;G:\mavenRepository\org\springframework\boot\spring-boot-starter-json\2.4.2\spring-boot-starter-json-2.4.2.jar;G:\mavenRepository\com\fasterxml\jackson\datatype\jackson-datatype-jdk8\2.11.4\jackson-datatype-jdk8-2.11.4.jar;G:\mavenRepository\com\fasterxml\jackson\datatype\jackson-datatype-jsr310\2.11.4\jackson-datatype-jsr310-2.11.4.jar;G:\mavenRepository\com\fasterxml\jackson\module\jackson-module-parameter-names\2.11.4\jackson-module-parameter-names-2.11.4.jar;G:\mavenRepository\org\springframework\boot\spring-boot-starter-tomcat\2.4.2\spring-boot-starter-tomcat-2.4.2.jar;G:\mavenRepository\org\apache\tomcat\embed\tomcat-embed-core\9.0.41\tomcat-embed-core-9.0.41.jar;G:\mavenRepository\org\glassfish\jakarta.el\3.0.3\jakarta.el-3.0.3.jar;G:\mavenRepository\org\apache\tomcat\embed\tomcat-embed-websocket\9.0.41\tomcat-embed-websocket-9.0.41.jar;G:\mavenRepository\org\springframework\spring-web\5.3.3\spring-web-5.3.3.jar;G:\mavenRepository\org\springframework\spring-beans\5.3.3\spring-beans-5.3.3.jar;G:\mavenRepository\org\springframework\spring-webmvc\5.3.3\spring-webmvc-5.3.3.jar;G:\mavenRepository\org\springframework\spring-aop\5.3.3\spring-aop-5.3.3.jar;G:\mavenRepository\org\springframework\spring-context\5.3.3\spring-context-5.3.3.jar;G:\mavenRepository\org\springframework\spring-expression\5.3.3\spring-expression-5.3.3.jar;G:\mavenRepository\org\springframework\boot\spring-boot-starter-test\2.4.2\spring-boot-starter-test-2.4.2.jar;G:\mavenRepository\org\springframework\boot\spring-boot-test\2.4.2\spring-boot-test-2.4.2.jar;G:\mavenRepository\org\springframework\boot\spring-boot-test-autoconfigure\2.4.2\spring-boot-test-autoconfigure-2.4.2.jar;G:\mavenRepository\com\jayway\jsonpath\json-path\2.4.0\json-path-2.4.0.jar;G:\mavenRepository\net\minidev\json-smart\2.3\json-smart-2.3.jar;G:\mavenRepository\net\minidev\accessors-smart\1.2\accessors-smart-1.2.jar;G:\mavenRepository\org\ow2\asm\asm\5.0.4\asm-5.0.4.jar;G:\mavenRepository\org\slf4j\slf4j-api\1.7.30\slf4j-api-1.7.30.jar;G:\mavenRepository\jakarta\xml\bind\jakarta.xml.bind-api\2.3.3\jakarta.xml.bind-api-2.3.3.jar;G:\mavenRepository\jakarta\activation\jakarta.activation-api\1.2.2\jakarta.activation-api-1.2.2.jar;G:\mavenRepository\org\assertj\assertj-core\3.18.1\assertj-core-3.18.1.jar;G:\mavenRepository\org\hamcrest\hamcrest\2.2\hamcrest-2.2.jar;G:\mavenRepository\org\junit\jupiter\junit-jupiter\5.7.0\junit-jupiter-5.7.0.jar;G:\mavenRepository\org\junit\jupiter\junit-jupiter-api\5.7.0\junit-jupiter-api-5.7.0.jar;G:\mavenRepository\org\apiguardian\apiguardian-api\1.1.0\apiguardian-api-1.1.0.jar;G:\mavenRepository\org\opentest4j\opentest4j\1.2.0\opentest4j-1.2.0.jar;G:\mavenRepository\org\junit\platform\junit-platform-commons\1.7.0\junit-platform-commons-1.7.0.jar;G:\mavenRepository\org\junit\jupiter\junit-jupiter-params\5.7.0\junit-jupiter-params-5.7.0.jar;G:\mavenRepository\org\junit\jupiter\junit-jupiter-engine\5.7.0\junit-jupiter-engine-5.7.0.jar;G:\mavenRepository\org\junit\platform\junit-platform-engine\1.7.0\junit-platform-engine-1.7.0.jar;G:\mavenRepository\org\mockito\mockito-core\3.6.28\mockito-core-3.6.28.jar;G:\mavenRepository\net\bytebuddy\byte-buddy\1.10.19\byte-buddy-1.10.19.jar;G:\mavenRepository\net\bytebuddy\byte-buddy-agent\1.10.19\byte-buddy-agent-1.10.19.jar;G:\mavenRepository\org\objenesis\objenesis\3.1\objenesis-3.1.jar;G:\mavenRepository\org\mockito\mockito-junit-jupiter\3.6.28\mockito-junit-jupiter-3.6.28.jar;G:\mavenRepository\org\skyscreamer\jsonassert\1.5.0\jsonassert-1.5.0.jar;G:\mavenRepository\com\vaadin\external\google\android-json\0.0.20131108.vaadin1\android-json-0.0.20131108.vaadin1.jar;G:\mavenRepository\org\springframework\spring-core\5.3.3\spring-core-5.3.3.jar;G:\mavenRepository\org\springframework\spring-jcl\5.3.3\spring-jcl-5.3.3.jar;G:\mavenRepository\org\springframework\spring-test\5.3.3\spring-test-5.3.3.jar;G:\mavenRepository\org\xmlunit\xmlunit-core\2.7.0\xmlunit-core-2.7.0.jar;"/>
    <property name="sun.cpu.endian" value="little"/>
    <property name="user.home" value="C:\Users\11130"/>
    <property name="user.language" value="zh"/>
    <property name="java.specification.vendor" value="Oracle Corporation"/>
    <property name="java.home" value="C:\Program Files\Java\jdk1.8.0_261\jre"/>
    <property name="basedir" value="G:\1workplace\springboottest\provider-ticket"/>
    <property name="file.separator" value="\"/>
    <property name="line.separator" value="&#10;"/>
    <property name="java.vm.specification.vendor" value="Oracle Corporation"/>
    <property name="java.specification.name" value="Java Platform API Specification"/>
    <property name="java.awt.graphicsenv" value="sun.awt.Win32GraphicsEnvironment"/>
    <property name="surefire.real.class.path" value="C:\Users\11130\AppData\Local\Temp\surefire4146835908569374763\surefirebooter7425752164159471454.jar"/>
    <property name="sun.boot.class.path" value="C:\Program Files\Java\jdk1.8.0_261\jre\lib\resources.jar;C:\Program Files\Java\jdk1.8.0_261\jre\lib\rt.jar;C:\Program Files\Java\jdk1.8.0_261\jre\lib\sunrsasign.jar;C:\Program Files\Java\jdk1.8.0_261\jre\lib\jsse.jar;C:\Program Files\Java\jdk1.8.0_261\jre\lib\jce.jar;C:\Program Files\Java\jdk1.8.0_261\jre\lib\charsets.jar;C:\Program Files\Java\jdk1.8.0_261\jre\lib\jfr.jar;C:\Program Files\Java\jdk1.8.0_261\jre\classes"/>
    <property name="user.script" value=""/>
    <property name="sun.management.compiler" value="HotSpot 64-Bit Tiered Compilers"/>
    <property name="java.runtime.version" value="1.8.0_261-b12"/>
    <property name="user.name" value="11130"/>
    <property name="path.separator" value=";"/>
    <property name="os.version" value="10.0"/>
    <property name="java.endorsed.dirs" value="C:\Program Files\Java\jdk1.8.0_261\jre\lib\endorsed"/>
    <property name="java.runtime.name" value="Java(TM) SE Runtime Environment"/>
    <property name="file.encoding" value="GBK"/>
    <property name="java.vm.name" value="Java HotSpot(TM) 64-Bit Server VM"/>
    <property name="localRepository" value="G:\mavenRepository"/>
    <property name="java.vendor.url.bug" value="http://bugreport.sun.com/bugreport/"/>
    <property name="java.io.tmpdir" value="C:\Users\11130\AppData\Local\Temp\"/>
    <property name="idea.version" value="2018.1.5"/>
    <property name="java.version" value="1.8.0_261"/>
    <property name="user.dir" value="G:\1workplace\springboottest\provider-ticket"/>
    <property name="os.arch" value="amd64"/>
    <property name="java.vm.specification.name" value="Java Virtual Machine Specification"/>
    <property name="java.awt.printerjob" value="sun.awt.windows.WPrinterJob"/>
    <property name="sun.os.patch.level" value=""/>
    <property name="java.library.path" value="C:\Program Files\Java\jdk1.8.0_261\jre\bin;C:\WINDOWS\Sun\Java\bin;C:\WINDOWS\system32;C:\WINDOWS;C:\Program Files (x86)\Common Files\Oracle\Java\javapath;C:\WINDOWS\system32;C:\WINDOWS;C:\WINDOWS\System32\Wbem;C:\WINDOWS\System32\WindowsPowerShell\v1.0\;C:\Program Files (x86)\Microsoft SQL Server\100\Tools\Binn\;C:\Program Files\Microsoft SQL Server\100\Tools\Binn\;C:\Program Files\Microsoft SQL Server\100\DTS\Binn\;C:\Program Files\Java\jdk1.8.0_261\bin;G:\Program Files\apache-maven-3.6.3-bin\apache-maven-3.6.3\bin;C:\1python\1Workplace\;C:\1python\;C:\Program Files\IVI Foundation\VISA\Win64\Bin\;H:\1lab\WinNT\Bin\;C:\1MATLAB\runtime\win64;C:\1MATLAB\bin;C:\1MATLAB\polyspace\bin;H:\sublim+++\Sublime Text 3;H:\_PYTHON\workplace\jquery\;G:\1Git\bin;C:\Program Files (x86)\Windows Kits\8.1\Windows Performance Toolkit\;C:\Program Files\Microsoft SQL Server\110\Tools\Binn\;H:\PuTTY\;G:\Program Files\1Mysql\mysql-5.7.27-winx64\bin;I:\SPSS\JRE\bin;TOMCAT_HOME;G:\Program Files\Git\cmd;C:\1python\Scripts\;C:\1python\;C:\Users\11130\AppData\Local\Microsoft\WindowsApps;C:\1python\1Workplace\;G:\6666\win32;G:\1pycharm\PyCharm Community Edition 2019.1.2\bin;C:\Users\11130\AppData\Roaming\npm;G:\IntelliJ IDEA 2019.2.4\bin;G:\Program Files\1Mysql\mysql-5.7.27-winx64\bin;G:\Program Files\Fiddler;;."/>
    <property name="java.vm.info" value="mixed mode"/>
    <property name="java.vendor" value="Oracle Corporation"/>
    <property name="java.vm.version" value="25.261-b12"/>
    <property name="java.ext.dirs" value="C:\Program Files\Java\jdk1.8.0_261\jre\lib\ext;C:\WINDOWS\Sun\Java\lib\ext"/>
    <property name="sun.io.unicode.encoding" value="UnicodeLittle"/>
    <property name="java.class.version" value="52.0"/>
  </properties>
  <testcase name="contextLoads" classname="org.springybot.ProviderTicketApplicationTests" time="3.709"/>
</testsuite>